# JRE version: 6.0_31-b31
# Java VM: OpenJDK Server VM (23.25-b01 mixed mode linux-x86 )
Heap
 PSYoungGen      total 415744K, used 295433K [0x91ef0000, 0xb3440000, 0xb3440000)
  eden space 295552K, 99% used [0x91ef0000,0xa3f725a0,0xa3f90000)
  from space 120192K, 0% used [0xa3f90000,0xa3f90000,0xab4f0000)
  to   space 119872K, 0% used [0xabf30000,0xabf30000,0xb3440000)
 ParOldGen       total 750400K, used 750398K [0x4f440000, 0x7d110000, 0x91ef0000)
  object space 750400K, 99% used [0x4f440000,0x7d10fa78,0x7d110000)
 PSPermGen       total 16384K, used 2769K [0x47440000, 0x48440000, 0x4f440000)
  object space 16384K, 16% used [0x47440000,0x476f46d0,0x48440000)
GC Heap History (10 events):
Event: 488.436 GC heap before
{Heap before GC invocations=1525 (full 1482):
 PSYoungGen      total 415744K, used 295552K [0x91ef0000, 0xb3440000, 0xb3440000)
  eden space 295552K, 100% used [0x91ef0000,0xa3f90000,0xa3f90000)
  from space 120192K, 0% used [0xa3f90000,0xa3f90000,0xab4f0000)
  to   space 119872K, 0% used [0xabf30000,0xabf30000,0xb3440000)
 ParOldGen       total 750272K, used 750271K [0x4f440000, 0x7d0f0000, 0x91ef0000)
  object space 750272K, 99% used [0x4f440000,0x7d0efed8,0x7d0f0000)
 PSPermGen       total 16384K, used 2769K [0x47440000, 0x48440000, 0x4f440000)
  object space 16384K, 16% used [0x47440000,0x476f46d0,0x48440000)
Event: 490.994 GC heap after
Heap after GC invocations=1525 (full 1482):
 PSYoungGen      total 415744K, used 295551K [0x91ef0000, 0xb3440000, 0xb3440000)
  eden space 295552K, 99% used [0x91ef0000,0xa3f8ffc0,0xa3f90000)
  from space 120192K, 0% used [0xa3f90000,0xa3f90000,0xab4f0000)
  to   space 119872K, 0% used [0xabf30000,0xabf30000,0xb3440000)
 ParOldGen       total 750272K, used 750271K [0x4f440000, 0x7d0f0000, 0x91ef0000)
  object space 750272K, 99% used [0x4f440000,0x7d0efed8,0x7d0f0000)
 PSPermGen       total 16384K, used 2769K [0x47440000, 0x48440000, 0x4f440000)
  object space 16384K, 16% used [0x47440000,0x476f46d0,0x48440000)
}
Event: 491.214 GC heap before
{Heap before GC invocations=1526 (full 1483):
 PSYoungGen      total 415744K, used 295551K [0x91ef0000, 0xb3440000, 0xb3440000)
  eden space 295552K, 99% used [0x91ef0000,0xa3f8ffe8,0xa3f90000)
  from space 120192K, 0% used [0xa3f90000,0xa3f90000,0xab4f0000)
  to   space 119872K, 0% used [0xabf30000,0xabf30000,0xb3440000)
 ParOldGen       total 750272K, used 750271K [0x4f440000, 0x7d0f0000, 0x91ef0000)
  object space 750272K, 99% used [0x4f440000,0x7d0efed8,0x7d0f0000)
 PSPermGen       total 16384K, used 2769K [0x47440000, 0x48440000, 0x4f440000)
  object space 16384K, 16% used [0x47440000,0x476f46d0,0x48440000)
Event: 491.422 GC heap after
Heap after GC invocations=1526 (full 1483):
 PSYoungGen      total 415744K, used 295551K [0x91ef0000, 0xb3440000, 0xb3440000)
  eden space 295552K, 99% used [0x91ef0000,0xa3f8ffe8,0xa3f90000)
  from space 120192K, 0% used [0xa3f90000,0xa3f90000,0xab4f0000)
  to   space 119872K, 0% used [0xabf30000,0xabf30000,0xb3440000)
 ParOldGen       total 750272K, used 750271K [0x4f440000, 0x7d0f0000, 0x91ef0000)
  object space 750272K, 99% used [0x4f440000,0x7d0efed8,0x7d0f0000)
 PSPermGen       total 16384K, used 2769K [0x47440000, 0x48440000, 0x4f440000)
  object space 16384K, 16% used [0x47440000,0x476f46d0,0x48440000)
}
Event: 491.460 GC heap before
{Heap before GC invocations=1527 (full 1484):
 PSYoungGen      total 415744K, used 295552K [0x91ef0000, 0xb3440000, 0xb3440000)
  eden space 295552K, 100% used [0x91ef0000,0xa3f90000,0xa3f90000)
  from space 120192K, 0% used [0xa3f90000,0xa3f90000,0xab4f0000)
  to   space 119872K, 0% used [0xabf30000,0xabf30000,0xb3440000)
 ParOldGen       total 750400K, used 750273K [0x4f440000, 0x7d110000, 0x91ef0000)
  object space 750400K, 99% used [0x4f440000,0x7d0f04f0,0x7d110000)
 PSPermGen       total 16384K, used 2769K [0x47440000, 0x48440000, 0x4f440000)
  object space 16384K, 16% used [0x47440000,0x476f46d0,0x48440000)
Event: 491.709 GC heap after
Heap after GC invocations=1527 (full 1484):
 PSYoungGen      total 415744K, used 295424K [0x91ef0000, 0xb3440000, 0xb3440000)
  eden space 295552K, 99% used [0x91ef0000,0xa3f703f8,0xa3f90000)
  from space 120192K, 0% used [0xa3f90000,0xa3f90000,0xab4f0000)
  to   space 119872K, 0% used [0xabf30000,0xabf30000,0xb3440000)
 ParOldGen       total 750400K, used 750398K [0x4f440000, 0x7d110000, 0x91ef0000)
  object space 750400K, 99% used [0x4f440000,0x7d10faa8,0x7d110000)
 PSPermGen       total 16384K, used 2769K [0x47440000, 0x48440000, 0x4f440000)
  object space 16384K, 16% used [0x47440000,0x476f46d0,0x48440000)
}
Event: 491.783 GC heap before
{Heap before GC invocations=1528 (full 1485):
 PSYoungGen      total 415744K, used 295552K [0x91ef0000, 0xb3440000, 0xb3440000)
  eden space 295552K, 100% used [0x91ef0000,0xa3f90000,0xa3f90000)
  from space 120192K, 0% used [0xa3f90000,0xa3f90000,0xab4f0000)
  to   space 119872K, 0% used [0xabf30000,0xabf30000,0xb3440000)
 ParOldGen       total 750400K, used 750398K [0x4f440000, 0x7d110000, 0x91ef0000)
  object space 750400K, 99% used [0x4f440000,0x7d10faa8,0x7d110000)
 PSPermGen       total 16384K, used 2769K [0x47440000, 0x48440000, 0x4f440000)
  object space 16384K, 16% used [0x47440000,0x476f46d0,0x48440000)
Event: 491.964 GC heap after
Heap after GC invocations=1528 (full 1485):
 PSYoungGen      total 415744K, used 295425K [0x91ef0000, 0xb3440000, 0xb3440000)
  eden space 295552K, 99% used [0x91ef0000,0xa3f70480,0xa3f90000)
  from space 120192K, 0% used [0xa3f90000,0xa3f90000,0xab4f0000)
  to   space 119872K, 0% used [0xabf30000,0xabf30000,0xb3440000)
 ParOldGen       total 750400K, used 750398K [0x4f440000, 0x7d110000, 0x91ef0000)
  object space 750400K, 99% used [0x4f440000,0x7d10faa8,0x7d110000)
 PSPermGen       total 16384K, used 2769K [0x47440000, 0x48440000, 0x4f440000)
  object space 16384K, 16% used [0x47440000,0x476f46d0,0x48440000)
}
Event: 492.491 GC heap before
{Heap before GC invocations=1529 (full 1486):
 PSYoungGen      total 415744K, used 295552K [0x91ef0000, 0xb3440000, 0xb3440000)
  eden space 295552K, 100% used [0x91ef0000,0xa3f90000,0xa3f90000)
  from space 120192K, 0% used [0xa3f90000,0xa3f90000,0xab4f0000)
  to   space 119872K, 0% used [0xabf30000,0xabf30000,0xb3440000)
 ParOldGen       total 750400K, used 750398K [0x4f440000, 0x7d110000, 0x91ef0000)
  object space 750400K, 99% used [0x4f440000,0x7d10faa8,0x7d110000)
 PSPermGen       total 16384K, used 2769K [0x47440000, 0x48440000, 0x4f440000)
  object space 16384K, 16% used [0x47440000,0x476f46d0,0x48440000)
Event: 492.721 GC heap after
Heap after GC invocations=1529 (full 1486):
 PSYoungGen      total 415744K, used 295433K [0x91ef0000, 0xb3440000, 0xb3440000)
  eden space 295552K, 99% used [0x91ef0000,0xa3f72588,0xa3f90000)
  from space 120192K, 0% used [0xa3f90000,0xa3f90000,0xab4f0000)
  to   space 119872K, 0% used [0xabf30000,0xabf30000,0xb3440000)
 ParOldGen       total 750400K, used 750398K [0x4f440000, 0x7d110000, 0x91ef0000)
  object space 750400K, 99% used [0x4f440000,0x7d10fa78,0x7d110000)
 PSPermGen       total 16384K, used 2769K [0x47440000, 0x48440000, 0x4f440000)
  object space 16384K, 16% used [0x47440000,0x476f46d0,0x48440000)
}

